Start testing: May 26 11:34 IST
----------------------------------------------------------
1/2 Testing: sensor_logger_tests
1/2 Test: sensor_logger_tests
Command: "/Users/niveditasinha/Downloads/sensor_data_logger/build/sensor_logger_tests"
Directory: /Users/niveditasinha/Downloads/sensor_data_logger/build
"sensor_logger_tests" start time: May 26 11:34 IST
Output:
----------------------------------------------------------
/Users/niveditasinha/Downloads/sensor_data_logger/tests/test_sensor_logger.c:303:test_init_clears_previously_filled_buffer:PASS
/Users/niveditasinha/Downloads/sensor_data_logger/tests/test_sensor_logger.c:304:test_log_null_sample:PASS
/Users/niveditasinha/Downloads/sensor_data_logger/tests/test_sensor_logger.c:305:test_init_and_print_empty:PASS

/Users/niveditasinha/Downloads/sensor_data_logger/tests/test_sensor_logger.c:307:test_wrap_around:PASS
/Users/niveditasinha/Downloads/sensor_data_logger/tests/test_sensor_logger.c:308:test_log_sensor_data_fills_buffer_to_capacity:PASS
/Users/niveditasinha/Downloads/sensor_data_logger/tests/test_sensor_logger.c:309:test_log_sensor_data_timestamp_extremes:PASS
/Users/niveditasinha/Downloads/sensor_data_logger/tests/test_sensor_logger.c:310:test_log_sensor_data_acceleration_extremes:PASS
/Users/niveditasinha/Downloads/sensor_data_logger/tests/test_sensor_logger.c:311:test_log_sensor_data_multiple_wraparounds:PASS
/Users/niveditasinha/Downloads/sensor_data_logger/tests/test_sensor_logger.c:312:test_print_log_output_format_precision:PASS
/Users/niveditasinha/Downloads/sensor_data_logger/tests/test_sensor_logger.c:313:test_print_log_partially_filled_buffer:PASS
/Users/niveditasinha/Downloads/sensor_data_logger/tests/test_sensor_logger.c:314:test_print_log_after_one_entry_then_init:PASS

-----------------------
12 Tests 1 Failures 0 Ignored 
FAIL
<end of output>
Test time =   0.00 sec
----------------------------------------------------------
Test Failed.
"sensor_logger_tests" end time: May 26 11:34 IST
"sensor_logger_tests" time elapsed: 00:00:00
----------------------------------------------------------

2/2 Testing: mock_sensor_tests
2/2 Test: mock_sensor_tests
Command: "/Users/niveditasinha/Downloads/sensor_data_logger/build/mock_sensor_tests"
Directory: /Users/niveditasinha/Downloads/sensor_data_logger/build
"mock_sensor_tests" start time: May 26 11:34 IST
Output:
----------------------------------------------------------
/Users/niveditasinha/Downloads/sensor_data_logger/tests/test_mock_sensor.c:149:test_get_mock_sensor_data_range:PASS
/Users/niveditasinha/Downloads/sensor_data_logger/tests/test_mock_sensor.c:150:test_get_mock_sensor_data_timestamp_increases:PASS
/Users/niveditasinha/Downloads/sensor_data_logger/tests/test_mock_sensor.c:151:test_get_mock_sensor_data_randomness_distribution_basic:PASS
/Users/niveditasinha/Downloads/sensor_data_logger/tests/test_mock_sensor.c:152:test_get_mock_sensor_data_multiple_calls_seeding_stability:PASS

-----------------------
4 Tests 0 Failures 0 Ignored 
OK
<end of output>
Test time =   0.51 sec
----------------------------------------------------------
Test Passed.
"mock_sensor_tests" end time: May 26 11:34 IST
"mock_sensor_tests" time elapsed: 00:00:00
----------------------------------------------------------

End testing: May 26 11:34 IST
